<?xml version="1.0" encoding="UTF-8"?>
<testng-results skipped="0" failed="0" ignored="0" total="1" passed="1">
  <reporter-output>
  </reporter-output>
  <suite name="Default suite" duration-ms="83342" started-at="2017-09-15T15:07:26Z" finished-at="2017-09-15T15:08:50Z">
    <groups>
    </groups>
    <test name="Default test" duration-ms="83342" started-at="2017-09-15T15:07:26Z" finished-at="2017-09-15T15:08:50Z">
      <class name="com.appium.testCase.testing">
        <test-method status="PASS" signature="f()[pri:0, instance:com.appium.testCase.testing@1bce4f0a]" name="f" duration-ms="83321" started-at="2017-09-15T20:37:26Z" finished-at="2017-09-15T20:38:50Z">
          <reporter-output>
          </reporter-output>
        </test-method> <!-- f -->
      </class> <!-- com.appium.testCase.testing -->
    </test> <!-- Default test -->
  </suite> <!-- Default suite -->
</testng-results>
