<?xml version="1.0" encoding="UTF-8"?>
<testng-results skipped="0" failed="0" ignored="0" total="1" passed="1">
  <reporter-output>
  </reporter-output>
  <suite name="Default suite" duration-ms="49" started-at="2017-09-22T13:07:39Z" finished-at="2017-09-22T13:07:39Z">
    <groups>
    </groups>
    <test name="Default test" duration-ms="49" started-at="2017-09-22T13:07:39Z" finished-at="2017-09-22T13:07:39Z">
      <class name="com.appium.testCase.testing">
        <test-method status="PASS" signature="f()[pri:0, instance:com.appium.testCase.testing@47c62251]" name="f" duration-ms="11" started-at="2017-09-22T18:37:39Z" finished-at="2017-09-22T18:37:39Z">
          <reporter-output>
          </reporter-output>
        </test-method> <!-- f -->
      </class> <!-- com.appium.testCase.testing -->
    </test> <!-- Default test -->
  </suite> <!-- Default suite -->
</testng-results>
